  backbuffer.cpp
  Background.cpp
d:\games\gamedev\games\space invaders (wip)\space invaders\space invaders\background.cpp(48): error C2143: syntax error: missing ')' before ','
d:\games\gamedev\games\space invaders (wip)\space invaders\space invaders\background.cpp(48): error C2660: 'CEntity::Initialise': function does not take 0 arguments
  d:\games\gamedev\games\space invaders (wip)\space invaders\space invaders\entity.h(39): note: see declaration of 'CEntity::Initialise'
d:\games\gamedev\games\space invaders (wip)\space invaders\space invaders\background.cpp(48): error C2059: syntax error: ')'
  bullet.cpp
d:\games\gamedev\games\space invaders (wip)\space invaders\space invaders\bullet.cpp(18): error C2065: 'IDB_BULLETMASK': undeclared identifier
d:\games\gamedev\games\space invaders (wip)\space invaders\space invaders\bullet.cpp(20): error C2065: 'IDB_BULLETS': undeclared identifier
  clock.cpp
d:\games\gamedev\games\space invaders (wip)\space invaders\space invaders\clock.cpp(47): warning C4244: '=': conversion from 'double' to 'float', possible loss of data
  enemy.cpp
d:\games\gamedev\games\space invaders (wip)\space invaders\space invaders\enemy.cpp(46): error C2059: syntax error: '<<'
d:\games\gamedev\games\space invaders (wip)\space invaders\space invaders\enemy.cpp(48): error C2059: syntax error: '=='
d:\games\gamedev\games\space invaders (wip)\space invaders\space invaders\enemy.cpp(50): error C2059: syntax error: '>>'
  enemyBullet.cpp
d:\games\gamedev\games\space invaders (wip)\space invaders\space invaders\enemybullet.cpp(36): error C2352: 'CEntity::Draw': illegal call of non-static member function
  d:\games\gamedev\games\space invaders (wip)\space invaders\space invaders\entity.h(41): note: see declaration of 'CEntity::Draw'
  entity.cpp
  game.cpp
  level.cpp
  Main.cpp
  player.cpp
d:\games\gamedev\games\space invaders (wip)\space invaders\space invaders\player.cpp(49): error C2143: syntax error: missing ')' before ','
d:\games\gamedev\games\space invaders (wip)\space invaders\space invaders\player.cpp(49): error C2660: 'CEntity::Initialise': function does not take 0 arguments
  d:\games\gamedev\games\space invaders (wip)\space invaders\space invaders\entity.h(39): note: see declaration of 'CEntity::Initialise'
d:\games\gamedev\games\space invaders (wip)\space invaders\space invaders\player.cpp(49): error C2059: syntax error: ')'
d:\games\gamedev\games\space invaders (wip)\space invaders\space invaders\player.cpp(51): error C2660: 'CSprite::SetDestSizeW': function does not take 0 arguments
  d:\games\gamedev\games\space invaders (wip)\space invaders\space invaders\sprite.h(56): note: see declaration of 'CSprite::SetDestSizeW'
d:\games\gamedev\games\space invaders (wip)\space invaders\space invaders\player.cpp(52): error C2660: 'CSprite::SetDestSizeH': function does not take 0 arguments
  d:\games\gamedev\games\space invaders (wip)\space invaders\space invaders\sprite.h(55): note: see declaration of 'CSprite::SetDestSizeH'
  sprite.cpp
  Generating Code...
