  Main.cpp
d:\users\joshua.o'c7937\my folder\games\space invaders\space invaders project\space invaders project\main.cpp(86): error C2819: type 'CGame' does not have an overloaded member 'operator ->'
  d:\users\joshua.o'c7937\my folder\games\space invaders\space invaders project\space invaders project\game.h(35): note: see declaration of 'CGame'
  d:\users\joshua.o'c7937\my folder\games\space invaders\space invaders project\space invaders project\main.cpp(86): note: did you intend to use '.' instead?
d:\users\joshua.o'c7937\my folder\games\space invaders\space invaders project\space invaders project\main.cpp(86): error C2232: '->CGame::GetInstance': left operand has 'class' type, use '.'
d:\users\joshua.o'c7937\my folder\games\space invaders\space invaders project\space invaders project\main.cpp(86): error C2227: left of '->GetLevel' must point to class/struct/union/generic type
d:\users\joshua.o'c7937\my folder\games\space invaders\space invaders project\space invaders project\main.cpp(86): error C2227: left of '->Modify' must point to class/struct/union/generic type
d:\users\joshua.o'c7937\my folder\games\space invaders\space invaders project\space invaders project\main.cpp(95): error C2819: type 'CGame' does not have an overloaded member 'operator ->'
  d:\users\joshua.o'c7937\my folder\games\space invaders\space invaders project\space invaders project\game.h(35): note: see declaration of 'CGame'
  d:\users\joshua.o'c7937\my folder\games\space invaders\space invaders project\space invaders project\main.cpp(95): note: did you intend to use '.' instead?
d:\users\joshua.o'c7937\my folder\games\space invaders\space invaders project\space invaders project\main.cpp(95): error C2232: '->CGame::GetInstance': left operand has 'class' type, use '.'
d:\users\joshua.o'c7937\my folder\games\space invaders\space invaders project\space invaders project\main.cpp(95): error C2227: left of '->GetLevel' must point to class/struct/union/generic type
d:\users\joshua.o'c7937\my folder\games\space invaders\space invaders project\space invaders project\main.cpp(95): error C2227: left of '->Modify' must point to class/struct/union/generic type
d:\users\joshua.o'c7937\my folder\games\space invaders\space invaders project\space invaders project\main.cpp(104): error C2819: type 'CGame' does not have an overloaded member 'operator ->'
  d:\users\joshua.o'c7937\my folder\games\space invaders\space invaders project\space invaders project\game.h(35): note: see declaration of 'CGame'
  d:\users\joshua.o'c7937\my folder\games\space invaders\space invaders project\space invaders project\main.cpp(104): note: did you intend to use '.' instead?
d:\users\joshua.o'c7937\my folder\games\space invaders\space invaders project\space invaders project\main.cpp(104): error C2232: '->CGame::GetInstance': left operand has 'class' type, use '.'
d:\users\joshua.o'c7937\my folder\games\space invaders\space invaders project\space invaders project\main.cpp(104): error C2227: left of '->GetLevel' must point to class/struct/union/generic type
d:\users\joshua.o'c7937\my folder\games\space invaders\space invaders project\space invaders project\main.cpp(104): error C2227: left of '->Modify' must point to class/struct/union/generic type
d:\users\joshua.o'c7937\my folder\games\space invaders\space invaders project\space invaders project\main.cpp(113): error C2819: type 'CGame' does not have an overloaded member 'operator ->'
  d:\users\joshua.o'c7937\my folder\games\space invaders\space invaders project\space invaders project\game.h(35): note: see declaration of 'CGame'
  d:\users\joshua.o'c7937\my folder\games\space invaders\space invaders project\space invaders project\main.cpp(113): note: did you intend to use '.' instead?
d:\users\joshua.o'c7937\my folder\games\space invaders\space invaders project\space invaders project\main.cpp(113): error C2232: '->CGame::GetInstance': left operand has 'class' type, use '.'
d:\users\joshua.o'c7937\my folder\games\space invaders\space invaders project\space invaders project\main.cpp(113): error C2227: left of '->GetLevel' must point to class/struct/union/generic type
d:\users\joshua.o'c7937\my folder\games\space invaders\space invaders project\space invaders project\main.cpp(113): error C2227: left of '->Modify' must point to class/struct/union/generic type
