d:\users\john.str8228\documents\github\space-invaders-project\space invaders project\space invaders project\x64\debug\vc141.pdb
d:\users\john.str8228\documents\github\space-invaders-project\space invaders project\space invaders project\x64\debug\vc141.idb
d:\users\john.str8228\documents\github\space-invaders-project\space invaders project\space invaders project\x64\debug\backbuffer.obj
d:\users\john.str8228\documents\github\space-invaders-project\space invaders project\space invaders project\x64\debug\background.obj
d:\users\john.str8228\documents\github\space-invaders-project\space invaders project\space invaders project\x64\debug\bullet.obj
d:\users\john.str8228\documents\github\space-invaders-project\space invaders project\space invaders project\x64\debug\clock.obj
d:\users\john.str8228\documents\github\space-invaders-project\space invaders project\space invaders project\x64\debug\enemy.obj
d:\users\john.str8228\documents\github\space-invaders-project\space invaders project\space invaders project\x64\debug\enemybullet.obj
d:\users\john.str8228\documents\github\space-invaders-project\space invaders project\space invaders project\x64\debug\entity.obj
d:\users\john.str8228\documents\github\space-invaders-project\space invaders project\space invaders project\x64\debug\framerate.obj
d:\users\john.str8228\documents\github\space-invaders-project\space invaders project\space invaders project\x64\debug\game.obj
d:\users\john.str8228\documents\github\space-invaders-project\space invaders project\space invaders project\x64\debug\level.obj
d:\users\john.str8228\documents\github\space-invaders-project\space invaders project\space invaders project\x64\debug\main.obj
d:\users\john.str8228\documents\github\space-invaders-project\space invaders project\space invaders project\x64\debug\player.obj
d:\users\john.str8228\documents\github\space-invaders-project\space invaders project\space invaders project\x64\debug\sprite.obj
d:\users\john.str8228\documents\github\space-invaders-project\space invaders project\x64\debug\space invaders project.exe
d:\users\john.str8228\documents\github\space-invaders-project\space invaders project\x64\debug\space invaders project.ilk
d:\users\john.str8228\documents\github\space-invaders-project\space invaders project\x64\debug\space invaders project.pdb
d:\users\john.str8228\documents\github\space-invaders-project\space invaders project\space invaders project\x64\debug\resource.res
d:\users\joshua.o'c7937\my folder\games\space invaders\space invaders project\space invaders project\x64\debug\backbuffer.obj
d:\users\joshua.o'c7937\my folder\games\space invaders\space invaders project\space invaders project\x64\debug\background.obj
d:\users\joshua.o'c7937\my folder\games\space invaders\space invaders project\space invaders project\x64\debug\bullet.obj
d:\users\joshua.o'c7937\my folder\games\space invaders\space invaders project\space invaders project\x64\debug\clock.obj
d:\users\joshua.o'c7937\my folder\games\space invaders\space invaders project\space invaders project\x64\debug\enemy.obj
d:\users\joshua.o'c7937\my folder\games\space invaders\space invaders project\space invaders project\x64\debug\enemybullet.obj
d:\users\joshua.o'c7937\my folder\games\space invaders\space invaders project\space invaders project\x64\debug\entity.obj
d:\users\joshua.o'c7937\my folder\games\space invaders\space invaders project\space invaders project\x64\debug\framerate.obj
d:\users\joshua.o'c7937\my folder\games\space invaders\space invaders project\space invaders project\x64\debug\game.obj
d:\users\joshua.o'c7937\my folder\games\space invaders\space invaders project\space invaders project\x64\debug\level.obj
d:\users\joshua.o'c7937\my folder\games\space invaders\space invaders project\space invaders project\x64\debug\main.obj
d:\users\joshua.o'c7937\my folder\games\space invaders\space invaders project\space invaders project\x64\debug\player.obj
d:\users\joshua.o'c7937\my folder\games\space invaders\space invaders project\space invaders project\x64\debug\sprite.obj
d:\users\joshua.o'c7937\my folder\games\space invaders\space invaders project\space invaders project\x64\debug\resource.res
d:\users\joshua.o'c7937\my folder\games\space invaders\space invaders project\space invaders project\x64\debug\vc141.idb
d:\users\joshua.o'c7937\my folder\games\space invaders\space invaders project\space invaders project\x64\debug\vc141.pdb
d:\users\joshua.o'c7937\my folder\games\space invaders\space invaders project\x64\debug\space invaders project.pdb
d:\users\joshua.o'c7937\my folder\games\space invaders\space invaders project\x64\debug\space invaders project.exe
d:\users\joshua.o'c7937\my folder\games\space invaders\space invaders project\x64\debug\space invaders project.ilk
d:\users\joshua.o'c7937\my folder\games\space invaders\space invaders project\space invaders project\x64\debug\space in.4416fc75.tlog\cl.command.1.tlog
d:\users\joshua.o'c7937\my folder\games\space invaders\space invaders project\space invaders project\x64\debug\space in.4416fc75.tlog\cl.read.1.tlog
d:\users\joshua.o'c7937\my folder\games\space invaders\space invaders project\space invaders project\x64\debug\space in.4416fc75.tlog\cl.write.1.tlog
d:\users\joshua.o'c7937\my folder\games\space invaders\space invaders project\space invaders project\x64\debug\space in.4416fc75.tlog\link.command.1.tlog
d:\users\joshua.o'c7937\my folder\games\space invaders\space invaders project\space invaders project\x64\debug\space in.4416fc75.tlog\link.read.1.tlog
d:\users\joshua.o'c7937\my folder\games\space invaders\space invaders project\space invaders project\x64\debug\space in.4416fc75.tlog\link.write.1.tlog
d:\users\joshua.o'c7937\my folder\games\space invaders\space invaders project\space invaders project\x64\debug\space in.4416fc75.tlog\rc.command.1.tlog
d:\users\joshua.o'c7937\my folder\games\space invaders\space invaders project\space invaders project\x64\debug\space in.4416fc75.tlog\rc.read.1.tlog
d:\users\joshua.o'c7937\my folder\games\space invaders\space invaders project\space invaders project\x64\debug\space in.4416fc75.tlog\rc.write.1.tlog
